This is XeTeX, Version 3.1415926-2.3-0.9997.5 (MiKTeX 2.9) (preloaded format=xelatex 2016.7.28)  18 AUG 2018 09:27
entering extended mode
**4.tex
("C:\Users\qingguo\Desktop\必修二 选修四\4\4.tex"
LaTeX2e <2011/06/27>
Babel <v3.8m> and hyphenation patterns for loaded.
(D:\CTEX\MiKTeX\tex\latex\base\article.cls
Document Class: article 2007/10/19 v1.4h Standard LaTeX document class
(D:\CTEX\MiKTeX\tex\latex\base\size10.clo
File: size10.clo 2007/10/19 v1.4h Standard LaTeX file (size option)
)
\c@part=\count80
\c@section=\count81
\c@subsection=\count82
\c@subsubsection=\count83
\c@paragraph=\count84
\c@subparagraph=\count85
\c@figure=\count86
\c@table=\count87
\abovecaptionskip=\skip41
\belowcaptionskip=\skip42
\bibindent=\dimen102
)
(D:\CTEX\MiKTeX\tex\generic\babel\babel.sty
Package: babel 2008/07/08 v3.8m The Babel package

*************************************
* Local config file bblopts.cfg used
*
(D:\CTEX\MiKTeX\tex\latex\00miktex\bblopts.cfg
File: bblopts.cfg 2006/07/31 v1.0 MiKTeX 'babel' configuration
)
(D:\CTEX\MiKTeX\tex\generic\babel\english.ldf
Language: english 2005/03/30 v3.3o English support from the babel system

(D:\CTEX\MiKTeX\tex\generic\babel\babel.def
File: babel.def 2008/07/08 v3.8m Babel common definitions
\babel@savecnt=\count88
\U@D=\dimen103
)
\l@british = a dialect from \language0
\l@UKenglish = a dialect from \language0
\l@american = a dialect from \language0
\l@canadian = a dialect from \language\l@american 
\l@australian = a dialect from \language\l@british 
\l@newzealand = a dialect from \language\l@british 
))
(D:\CTEX\MiKTeX\tex\latex\amsfonts\amssymb.sty
Package: amssymb 2009/06/22 v3.00

(D:\CTEX\MiKTeX\tex\latex\amsfonts\amsfonts.sty
Package: amsfonts 2009/06/22 v3.00 Basic AMSFonts support
\@emptytoks=\toks14
\symAMSa=\mathgroup4
\symAMSb=\mathgroup5
LaTeX Font Info:    Overwriting math alphabet `\mathfrak' in version `bold'
(Font)                  U/euf/m/n --> U/euf/b/n on input line 96.
))
(D:\CTEX\MiKTeX\tex\latex\ams\math\amsmath.sty
Package: amsmath 2000/07/18 v2.13 AMS math features
\@mathmargin=\skip43

For additional information on amsmath, use the `?' option.
(D:\CTEX\MiKTeX\tex\latex\ams\math\amstext.sty
Package: amstext 2000/06/29 v2.01

(D:\CTEX\MiKTeX\tex\latex\ams\math\amsgen.sty
File: amsgen.sty 1999/11/30 v2.0
\@emptytoks=\toks15
\ex@=\dimen104
))
(D:\CTEX\MiKTeX\tex\latex\ams\math\amsbsy.sty
Package: amsbsy 1999/11/29 v1.2d
\pmbraise@=\dimen105
)
(D:\CTEX\MiKTeX\tex\latex\ams\math\amsopn.sty
Package: amsopn 1999/12/14 v2.01 operator names
)
\inf@bad=\count89
LaTeX Info: Redefining \frac on input line 211.
\uproot@=\count90
\leftroot@=\count91
LaTeX Info: Redefining \overline on input line 307.
\classnum@=\count92
\DOTSCASE@=\count93
LaTeX Info: Redefining \ldots on input line 379.
LaTeX Info: Redefining \dots on input line 382.
LaTeX Info: Redefining \cdots on input line 467.
\Mathstrutbox@=\box26
\strutbox@=\box27
\big@size=\dimen106
LaTeX Font Info:    Redeclaring font encoding OML on input line 567.
LaTeX Font Info:    Redeclaring font encoding OMS on input line 568.
\macc@depth=\count94
\c@MaxMatrixCols=\count95
\dotsspace@=\muskip10
\c@parentequation=\count96
\dspbrk@lvl=\count97
\tag@help=\toks16
\row@=\count98
\column@=\count99
\maxfields@=\count100
\andhelp@=\toks17
\eqnshift@=\dimen107
\alignsep@=\dimen108
\tagshift@=\dimen109
\tagwidth@=\dimen110
\totwidth@=\dimen111
\lineht@=\dimen112
\@envbody=\toks18
\multlinegap=\skip44
\multlinetaggap=\skip45
\mathdisplay@stack=\toks19
LaTeX Info: Redefining \[ on input line 2666.
LaTeX Info: Redefining \] on input line 2667.
)
(D:\CTEX\MiKTeX\tex\latex\txfonts\txfonts.sty
Package: txfonts 2008/01/22 v3.2.1
LaTeX Font Info:    Redeclaring symbol font `operators' on input line 21.
LaTeX Font Info:    Overwriting symbol font `operators' in version `normal'
(Font)                  OT1/cmr/m/n --> OT1/txr/m/n on input line 21.
LaTeX Font Info:    Overwriting symbol font `operators' in version `bold'
(Font)                  OT1/cmr/bx/n --> OT1/txr/m/n on input line 21.
LaTeX Font Info:    Overwriting symbol font `operators' in version `bold'
(Font)                  OT1/txr/m/n --> OT1/txr/bx/n on input line 22.
\symitalic=\mathgroup6
LaTeX Font Info:    Overwriting symbol font `italic' in version `bold'
(Font)                  OT1/txr/m/it --> OT1/txr/bx/it on input line 26.
LaTeX Font Info:    Redeclaring math alphabet \mathbf on input line 29.
LaTeX Font Info:    Overwriting math alphabet `\mathbf' in version `normal'
(Font)                  OT1/cmr/bx/n --> OT1/txr/bx/n on input line 29.
LaTeX Font Info:    Overwriting math alphabet `\mathbf' in version `bold'
(Font)                  OT1/cmr/bx/n --> OT1/txr/bx/n on input line 29.
LaTeX Font Info:    Redeclaring math alphabet \mathit on input line 30.
LaTeX Font Info:    Overwriting math alphabet `\mathit' in version `normal'
(Font)                  OT1/cmr/m/it --> OT1/txr/m/it on input line 30.
LaTeX Font Info:    Overwriting math alphabet `\mathit' in version `bold'
(Font)                  OT1/cmr/bx/it --> OT1/txr/m/it on input line 30.
LaTeX Font Info:    Overwriting math alphabet `\mathit' in version `bold'
(Font)                  OT1/txr/m/it --> OT1/txr/bx/it on input line 31.
LaTeX Font Info:    Redeclaring math alphabet \mathsf on input line 40.
LaTeX Font Info:    Overwriting math alphabet `\mathsf' in version `normal'
(Font)                  OT1/cmss/m/n --> OT1/txss/m/n on input line 40.
LaTeX Font Info:    Overwriting math alphabet `\mathsf' in version `bold'
(Font)                  OT1/cmss/bx/n --> OT1/txss/m/n on input line 40.
LaTeX Font Info:    Overwriting math alphabet `\mathsf' in version `bold'
(Font)                  OT1/txss/m/n --> OT1/txss/b/n on input line 41.
LaTeX Font Info:    Redeclaring math alphabet \mathtt on input line 50.
LaTeX Font Info:    Overwriting math alphabet `\mathtt' in version `normal'
(Font)                  OT1/cmtt/m/n --> OT1/txtt/m/n on input line 50.
LaTeX Font Info:    Overwriting math alphabet `\mathtt' in version `bold'
(Font)                  OT1/cmtt/m/n --> OT1/txtt/m/n on input line 50.
LaTeX Font Info:    Overwriting math alphabet `\mathtt' in version `bold'
(Font)                  OT1/txtt/m/n --> OT1/txtt/b/n on input line 51.
LaTeX Font Info:    Redeclaring symbol font `letters' on input line 58.
LaTeX Font Info:    Overwriting symbol font `letters' in version `normal'
(Font)                  OML/cmm/m/it --> OML/txmi/m/it on input line 58.
LaTeX Font Info:    Overwriting symbol font `letters' in version `bold'
(Font)                  OML/cmm/b/it --> OML/txmi/m/it on input line 58.
LaTeX Font Info:    Overwriting symbol font `letters' in version `bold'
(Font)                  OML/txmi/m/it --> OML/txmi/bx/it on input line 59.
\symlettersA=\mathgroup7
LaTeX Font Info:    Overwriting symbol font `lettersA' in version `bold'
(Font)                  U/txmia/m/it --> U/txmia/bx/it on input line 67.
LaTeX Font Info:    Redeclaring math alphabet \mathfrak on input line 70.
LaTeX Font Info:    Redeclaring symbol font `symbols' on input line 77.
LaTeX Font Info:    Overwriting symbol font `symbols' in version `normal'
(Font)                  OMS/cmsy/m/n --> OMS/txsy/m/n on input line 77.
LaTeX Font Info:    Overwriting symbol font `symbols' in version `bold'
(Font)                  OMS/cmsy/b/n --> OMS/txsy/m/n on input line 77.
LaTeX Font Info:    Overwriting symbol font `symbols' in version `bold'
(Font)                  OMS/txsy/m/n --> OMS/txsy/bx/n on input line 78.
LaTeX Font Info:    Redeclaring symbol font `AMSa' on input line 93.
LaTeX Font Info:    Overwriting symbol font `AMSa' in version `normal'
(Font)                  U/msa/m/n --> U/txsya/m/n on input line 93.
LaTeX Font Info:    Overwriting symbol font `AMSa' in version `bold'
(Font)                  U/msa/m/n --> U/txsya/m/n on input line 93.
LaTeX Font Info:    Overwriting symbol font `AMSa' in version `bold'
(Font)                  U/txsya/m/n --> U/txsya/bx/n on input line 94.
LaTeX Font Info:    Redeclaring symbol font `AMSb' on input line 102.
LaTeX Font Info:    Overwriting symbol font `AMSb' in version `normal'
(Font)                  U/msb/m/n --> U/txsyb/m/n on input line 102.
LaTeX Font Info:    Overwriting symbol font `AMSb' in version `bold'
(Font)                  U/msb/m/n --> U/txsyb/m/n on input line 102.
LaTeX Font Info:    Overwriting symbol font `AMSb' in version `bold'
(Font)                  U/txsyb/m/n --> U/txsyb/bx/n on input line 103.
\symsymbolsC=\mathgroup8
LaTeX Font Info:    Overwriting symbol font `symbolsC' in version `bold'
(Font)                  U/txsyc/m/n --> U/txsyc/bx/n on input line 113.
LaTeX Font Info:    Redeclaring symbol font `largesymbols' on input line 120.
LaTeX Font Info:    Overwriting symbol font `largesymbols' in version `normal'
(Font)                  OMX/cmex/m/n --> OMX/txex/m/n on input line 120.
LaTeX Font Info:    Overwriting symbol font `largesymbols' in version `bold'
(Font)                  OMX/cmex/m/n --> OMX/txex/m/n on input line 120.
LaTeX Font Info:    Overwriting symbol font `largesymbols' in version `bold'
(Font)                  OMX/txex/m/n --> OMX/txex/bx/n on input line 121.
\symlargesymbolsA=\mathgroup9
LaTeX Font Info:    Overwriting symbol font `largesymbolsA' in version `bold'
(Font)                  U/txexa/m/n --> U/txexa/bx/n on input line 129.
LaTeX Info: Redefining \not on input line 1043.
)
(D:\CTEX\MiKTeX\tex\generic\genmisc\mathdots.sty
Package: mathdots 2004/07/02 version 0.6.
\MD@unit=\dimen113
LaTeX Info: Redefining \ddots on input line 120.
LaTeX Info: Redefining \vdots on input line 122.


Package Mathdots Warning: Redefining amsmath commands \dddot and \ddddot.

LaTeX Info: Redefining \dddot on input line 145.
LaTeX Info: Redefining \ddddot on input line 145.
) (D:\CTEX\MiKTeX\tex\latex\kpfonts\kpfonts.sty
Package: kpfonts  2010/08/20 v3.31

(D:\CTEX\MiKTeX\tex\latex\base\textcomp.sty
Package: textcomp 2005/09/27 v1.99g Standard LaTeX package
Package textcomp Info: Sub-encoding information:
(textcomp)               5 = only ISO-Adobe without \textcurrency
(textcomp)               4 = 5 + \texteuro
(textcomp)               3 = 4 + \textohm
(textcomp)               2 = 3 + \textestimated + \textcurrency
(textcomp)               1 = TS1 - \textcircled - \t
(textcomp)               0 = TS1 (full)
(textcomp)             Font families with sub-encoding setting implement
(textcomp)             only a restricted character set as indicated.
(textcomp)             Family '?' is the default used for unknown fonts.
(textcomp)             See the documentation for details.
Package textcomp Info: Setting ? sub-encoding to TS1/1 on input line 71.
Package textcomp Info: Changing ? sub-encoding to TS1/0 on input line 72.

(D:\CTEX\MiKTeX\tex\latex\base\ts1enc.def
File: ts1enc.def 2001/06/05 v3.0e (jk/car/fm) Standard LaTeX file
)
LaTeX Info: Redefining \oldstylenums on input line 266.
Package textcomp Info: Setting cmr sub-encoding to TS1/0 on input line 281.
Package textcomp Info: Setting cmss sub-encoding to TS1/0 on input line 282.
Package textcomp Info: Setting cmtt sub-encoding to TS1/0 on input line 283.
Package textcomp Info: Setting cmvtt sub-encoding to TS1/0 on input line 284.
Package textcomp Info: Setting cmbr sub-encoding to TS1/0 on input line 285.
Package textcomp Info: Setting cmtl sub-encoding to TS1/0 on input line 286.
Package textcomp Info: Setting ccr sub-encoding to TS1/0 on input line 287.
Package textcomp Info: Setting ptm sub-encoding to TS1/4 on input line 288.
Package textcomp Info: Setting pcr sub-encoding to TS1/4 on input line 289.
Package textcomp Info: Setting phv sub-encoding to TS1/4 on input line 290.
Package textcomp Info: Setting ppl sub-encoding to TS1/3 on input line 291.
Package textcomp Info: Setting pag sub-encoding to TS1/4 on input line 292.
Package textcomp Info: Setting pbk sub-encoding to TS1/4 on input line 293.
Package textcomp Info: Setting pnc sub-encoding to TS1/4 on input line 294.
Package textcomp Info: Setting pzc sub-encoding to TS1/4 on input line 295.
Package textcomp Info: Setting bch sub-encoding to TS1/4 on input line 296.
Package textcomp Info: Setting put sub-encoding to TS1/5 on input line 297.
Package textcomp Info: Setting uag sub-encoding to TS1/5 on input line 298.
Package textcomp Info: Setting ugq sub-encoding to TS1/5 on input line 299.
Package textcomp Info: Setting ul8 sub-encoding to TS1/4 on input line 300.
Package textcomp Info: Setting ul9 sub-encoding to TS1/4 on input line 301.
Package textcomp Info: Setting augie sub-encoding to TS1/5 on input line 302.
Package textcomp Info: Setting dayrom sub-encoding to TS1/3 on input line 303.
Package textcomp Info: Setting dayroms sub-encoding to TS1/3 on input line 304.

Package textcomp Info: Setting pxr sub-encoding to TS1/0 on input line 305.
Package textcomp Info: Setting pxss sub-encoding to TS1/0 on input line 306.
Package textcomp Info: Setting pxtt sub-encoding to TS1/0 on input line 307.
Package textcomp Info: Setting txr sub-encoding to TS1/0 on input line 308.
Package textcomp Info: Setting txss sub-encoding to TS1/0 on input line 309.
Package textcomp Info: Setting txtt sub-encoding to TS1/0 on input line 310.
Package textcomp Info: Setting lmr sub-encoding to TS1/0 on input line 311.
Package textcomp Info: Setting lmdh sub-encoding to TS1/0 on input line 312.
Package textcomp Info: Setting lmss sub-encoding to TS1/0 on input line 313.
Package textcomp Info: Setting lmssq sub-encoding to TS1/0 on input line 314.
Package textcomp Info: Setting lmvtt sub-encoding to TS1/0 on input line 315.
Package textcomp Info: Setting qhv sub-encoding to TS1/0 on input line 316.
Package textcomp Info: Setting qag sub-encoding to TS1/0 on input line 317.
Package textcomp Info: Setting qbk sub-encoding to TS1/0 on input line 318.
Package textcomp Info: Setting qcr sub-encoding to TS1/0 on input line 319.
Package textcomp Info: Setting qcs sub-encoding to TS1/0 on input line 320.
Package textcomp Info: Setting qpl sub-encoding to TS1/0 on input line 321.
Package textcomp Info: Setting qtm sub-encoding to TS1/0 on input line 322.
Package textcomp Info: Setting qzc sub-encoding to TS1/0 on input line 323.
Package textcomp Info: Setting qhvc sub-encoding to TS1/0 on input line 324.
Package textcomp Info: Setting futs sub-encoding to TS1/4 on input line 325.
Package textcomp Info: Setting futx sub-encoding to TS1/4 on input line 326.
Package textcomp Info: Setting futj sub-encoding to TS1/4 on input line 327.
Package textcomp Info: Setting hlh sub-encoding to TS1/3 on input line 328.
Package textcomp Info: Setting hls sub-encoding to TS1/3 on input line 329.
Package textcomp Info: Setting hlst sub-encoding to TS1/3 on input line 330.
Package textcomp Info: Setting hlct sub-encoding to TS1/5 on input line 331.
Package textcomp Info: Setting hlx sub-encoding to TS1/5 on input line 332.
Package textcomp Info: Setting hlce sub-encoding to TS1/5 on input line 333.
Package textcomp Info: Setting hlcn sub-encoding to TS1/5 on input line 334.
Package textcomp Info: Setting hlcw sub-encoding to TS1/5 on input line 335.
Package textcomp Info: Setting hlcf sub-encoding to TS1/5 on input line 336.
Package textcomp Info: Setting pplx sub-encoding to TS1/3 on input line 337.
Package textcomp Info: Setting pplj sub-encoding to TS1/3 on input line 338.
Package textcomp Info: Setting ptmx sub-encoding to TS1/4 on input line 339.
Package textcomp Info: Setting ptmj sub-encoding to TS1/4 on input line 340.
)
Invalid UTF-8 byte or sequence at line 157 replaced by U+FFFD.
Invalid UTF-8 byte or sequence at line 157 replaced by U+FFFD.
\c@mv@rm=\count101
\c@mv@boldrm=\count102
\c@mv@sf=\count103
\c@mv@boldsf=\count104
LaTeX Font Info:    Redeclaring symbol font `operators' on input line 354.
LaTeX Font Info:    Overwriting symbol font `operators' in version `normal'
(Font)                  OT1/txr/m/n --> OT1/jkp/m/n on input line 354.
LaTeX Font Info:    Overwriting symbol font `operators' in version `bold'
(Font)                  OT1/txr/bx/n --> OT1/jkp/m/n on input line 354.
LaTeX Font Info:    Overwriting symbol font `operators' in version `rm'
(Font)                  OT1/txr/m/n --> OT1/jkp/m/n on input line 354.
LaTeX Font Info:    Overwriting symbol font `operators' in version `boldrm'
(Font)                  OT1/txr/m/n --> OT1/jkp/m/n on input line 354.
LaTeX Font Info:    Overwriting symbol font `operators' in version `sf'
(Font)                  OT1/txr/m/n --> OT1/jkp/m/n on input line 354.
LaTeX Font Info:    Overwriting symbol font `operators' in version `boldsf'
(Font)                  OT1/txr/m/n --> OT1/jkp/m/n on input line 354.
LaTeX Font Info:    Overwriting symbol font `operators' in version `bold'
(Font)                  OT1/jkp/m/n --> OT1/jkp/b/n on input line 355.
LaTeX Font Info:    Overwriting symbol font `operators' in version `rm'
(Font)                  OT1/jkp/m/n --> OT1/jkp/m/n on input line 357.
LaTeX Font Info:    Overwriting symbol font `operators' in version `boldrm'
(Font)                  OT1/jkp/m/n --> OT1/jkp/b/n on input line 358.
LaTeX Font Info:    Overwriting symbol font `operators' in version `sf'
(Font)                  OT1/jkp/m/n --> OT1/jkpss/m/n on input line 359.
LaTeX Font Info:    Overwriting symbol font `operators' in version `boldsf'
(Font)                  OT1/jkp/m/n --> OT1/jkpss/b/n on input line 360.
LaTeX Font Info:    Redeclaring math alphabet \mathrm on input line 364.
LaTeX Font Info:    Overwriting math alphabet `\mathrm' in version `bold'
(Font)                  OT1/jkp/m/n --> OT1/jkp/b/n on input line 365.
LaTeX Font Info:    Overwriting math alphabet `\mathrm' in version `rm'
(Font)                  OT1/jkp/m/n --> OT1/jkp/m/n on input line 366.
LaTeX Font Info:    Overwriting math alphabet `\mathrm' in version `boldrm'
(Font)                  OT1/jkp/m/n --> OT1/jkp/b/n on input line 367.
LaTeX Font Info:    Overwriting math alphabet `\mathrm' in version `sf'
(Font)                  OT1/jkp/m/n --> OT1/jkp/m/n on input line 368.
LaTeX Font Info:    Overwriting math alphabet `\mathrm' in version `boldsf'
(Font)                  OT1/jkp/m/n --> OT1/jkp/b/n on input line 369.
LaTeX Font Info:    Redeclaring math alphabet \mathbf on input line 378.
LaTeX Font Info:    Overwriting math alphabet `\mathbf' in version `normal'
(Font)                  OT1/txr/bx/n --> OT1/jkp/b/n on input line 378.
LaTeX Font Info:    Overwriting math alphabet `\mathbf' in version `bold'
(Font)                  OT1/txr/bx/n --> OT1/jkp/b/n on input line 378.
LaTeX Font Info:    Overwriting math alphabet `\mathbf' in version `rm'
(Font)                  OT1/cmr/bx/n --> OT1/jkp/b/n on input line 378.
LaTeX Font Info:    Overwriting math alphabet `\mathbf' in version `boldrm'
(Font)                  OT1/cmr/bx/n --> OT1/jkp/b/n on input line 378.
LaTeX Font Info:    Overwriting math alphabet `\mathbf' in version `sf'
(Font)                  OT1/cmr/bx/n --> OT1/jkp/b/n on input line 378.
LaTeX Font Info:    Overwriting math alphabet `\mathbf' in version `boldsf'
(Font)                  OT1/cmr/bx/n --> OT1/jkp/b/n on input line 378.
LaTeX Font Info:    Overwriting math alphabet `\mathbf' in version `bold'
(Font)                  OT1/jkp/b/n --> OT1/jkp/b/n on input line 379.
LaTeX Font Info:    Overwriting math alphabet `\mathbf' in version `rm'
(Font)                  OT1/jkp/b/n --> OT1/jkp/b/n on input line 381.
LaTeX Font Info:    Overwriting math alphabet `\mathbf' in version `boldrm'
(Font)                  OT1/jkp/b/n --> OT1/jkp/b/n on input line 382.
LaTeX Font Info:    Overwriting math alphabet `\mathbf' in version `sf'
(Font)                  OT1/jkp/b/n --> OT1/jkpss/b/n on input line 383.
LaTeX Font Info:    Overwriting math alphabet `\mathbf' in version `boldsf'
(Font)                  OT1/jkp/b/n --> OT1/jkpss/b/n on input line 384.
LaTeX Font Info:    Redeclaring math alphabet \mathit on input line 390.
LaTeX Font Info:    Overwriting math alphabet `\mathit' in version `normal'
(Font)                  OT1/txr/m/it --> OT1/jkp/m/it on input line 390.
LaTeX Font Info:    Overwriting math alphabet `\mathit' in version `bold'
(Font)                  OT1/txr/bx/it --> OT1/jkp/m/it on input line 390.
LaTeX Font Info:    Overwriting math alphabet `\mathit' in version `rm'
(Font)                  OT1/cmr/m/it --> OT1/jkp/m/it on input line 390.
LaTeX Font Info:    Overwriting math alphabet `\mathit' in version `boldrm'
(Font)                  OT1/cmr/m/it --> OT1/jkp/m/it on input line 390.
LaTeX Font Info:    Overwriting math alphabet `\mathit' in version `sf'
(Font)                  OT1/cmr/m/it --> OT1/jkp/m/it on input line 390.
LaTeX Font Info:    Overwriting math alphabet `\mathit' in version `boldsf'
(Font)                  OT1/cmr/m/it --> OT1/jkp/m/it on input line 390.
LaTeX Font Info:    Overwriting math alphabet `\mathit' in version `bold'
(Font)                  OT1/jkp/m/it --> OT1/jkp/b/it on input line 391.
LaTeX Font Info:    Overwriting math alphabet `\mathit' in version `rm'
(Font)                  OT1/jkp/m/it --> OT1/jkp/m/it on input line 393.
LaTeX Font Info:    Overwriting math alphabet `\mathit' in version `boldrm'
(Font)                  OT1/jkp/m/it --> OT1/jkp/b/it on input line 394.
LaTeX Font Info:    Overwriting math alphabet `\mathit' in version `sf'
(Font)                  OT1/jkp/m/it --> OT1/jkpss/m/it on input line 395.
LaTeX Font Info:    Overwriting math alphabet `\mathit' in version `boldsf'
(Font)                  OT1/jkp/m/it --> OT1/jkpss/b/it on input line 396.
LaTeX Font Info:    Redeclaring math alphabet \mathsf on input line 401.
LaTeX Font Info:    Overwriting math alphabet `\mathsf' in version `normal'
(Font)                  OT1/txss/m/n --> OT1/jkpss/m/n on input line 401.
LaTeX Font Info:    Overwriting math alphabet `\mathsf' in version `bold'
(Font)                  OT1/txss/b/n --> OT1/jkpss/m/n on input line 401.
LaTeX Font Info:    Overwriting math alphabet `\mathsf' in version `rm'
(Font)                  OT1/cmss/m/n --> OT1/jkpss/m/n on input line 401.
LaTeX Font Info:    Overwriting math alphabet `\mathsf' in version `boldrm'
(Font)                  OT1/cmss/m/n --> OT1/jkpss/m/n on input line 401.
LaTeX Font Info:    Overwriting math alphabet `\mathsf' in version `sf'
(Font)                  OT1/cmss/m/n --> OT1/jkpss/m/n on input line 401.
LaTeX Font Info:    Overwriting math alphabet `\mathsf' in version `boldsf'
(Font)                  OT1/cmss/m/n --> OT1/jkpss/m/n on input line 401.
LaTeX Font Info:    Overwriting math alphabet `\mathsf' in version `bold'
(Font)                  OT1/jkpss/m/n --> OT1/jkpss/b/n on input line 402.
LaTeX Font Info:    Overwriting math alphabet `\mathsf' in version `rm'
(Font)                  OT1/jkpss/m/n --> OT1/jkpss/m/n on input line 403.
LaTeX Font Info:    Overwriting math alphabet `\mathsf' in version `boldrm'
(Font)                  OT1/jkpss/m/n --> OT1/jkpss/b/n on input line 404.
LaTeX Font Info:    Overwriting math alphabet `\mathsf' in version `sf'
(Font)                  OT1/jkpss/m/n --> OT1/jkpss/m/n on input line 405.
LaTeX Font Info:    Overwriting math alphabet `\mathsf' in version `boldsf'
(Font)                  OT1/jkpss/m/n --> OT1/jkpss/b/n on input line 406.
LaTeX Font Info:    Redeclaring math alphabet \mathtt on input line 410.
LaTeX Font Info:    Overwriting math alphabet `\mathtt' in version `normal'
(Font)                  OT1/txtt/m/n --> OT1/jkptt/m/n on input line 410.
LaTeX Font Info:    Overwriting math alphabet `\mathtt' in version `bold'
(Font)                  OT1/txtt/b/n --> OT1/jkptt/m/n on input line 410.
LaTeX Font Info:    Overwriting math alphabet `\mathtt' in version `rm'
(Font)                  OT1/cmtt/m/n --> OT1/jkptt/m/n on input line 410.
LaTeX Font Info:    Overwriting math alphabet `\mathtt' in version `boldrm'
(Font)                  OT1/cmtt/m/n --> OT1/jkptt/m/n on input line 410.
LaTeX Font Info:    Overwriting math alphabet `\mathtt' in version `sf'
(Font)                  OT1/cmtt/m/n --> OT1/jkptt/m/n on input line 410.
LaTeX Font Info:    Overwriting math alphabet `\mathtt' in version `boldsf'
(Font)                  OT1/cmtt/m/n --> OT1/jkptt/m/n on input line 410.
LaTeX Font Info:    Overwriting math alphabet `\mathtt' in version `bold'
(Font)                  OT1/jkptt/m/n --> OT1/jkptt/b/n on input line 411.
LaTeX Font Info:    Overwriting math alphabet `\mathtt' in version `rm'
(Font)                  OT1/jkptt/m/n --> OT1/jkptt/m/n on input line 412.
LaTeX Font Info:    Overwriting math alphabet `\mathtt' in version `boldrm'
(Font)                  OT1/jkptt/m/n --> OT1/jkptt/b/n on input line 413.
LaTeX Font Info:    Overwriting math alphabet `\mathtt' in version `sf'
(Font)                  OT1/jkptt/m/n --> OT1/jkptt/m/n on input line 414.
LaTeX Font Info:    Overwriting math alphabet `\mathtt' in version `boldsf'
(Font)                  OT1/jkptt/m/n --> OT1/jkptt/b/n on input line 415.
LaTeX Font Info:    Redeclaring symbol font `letters' on input line 423.
LaTeX Font Info:    Overwriting symbol font `letters' in version `normal'
(Font)                  OML/txmi/m/it --> OML/jkp/m/it on input line 423.
LaTeX Font Info:    Overwriting symbol font `letters' in version `bold'
(Font)                  OML/txmi/bx/it --> OML/jkp/m/it on input line 423.
LaTeX Font Info:    Overwriting symbol font `letters' in version `rm'
(Font)                  OML/txmi/m/it --> OML/jkp/m/it on input line 423.
LaTeX Font Info:    Overwriting symbol font `letters' in version `boldrm'
(Font)                  OML/txmi/m/it --> OML/jkp/m/it on input line 423.
LaTeX Font Info:    Overwriting symbol font `letters' in version `sf'
(Font)                  OML/txmi/m/it --> OML/jkp/m/it on input line 423.
LaTeX Font Info:    Overwriting symbol font `letters' in version `boldsf'
(Font)                  OML/txmi/m/it --> OML/jkp/m/it on input line 423.
LaTeX Font Info:    Overwriting symbol font `letters' in version `bold'
(Font)                  OML/jkp/m/it --> OML/jkp/bx/it on input line 424.
LaTeX Font Info:    Overwriting symbol font `letters' in version `rm'
(Font)                  OML/jkp/m/it --> OML/jkp/m/it on input line 426.
LaTeX Font Info:    Overwriting symbol font `letters' in version `boldrm'
(Font)                  OML/jkp/m/it --> OML/jkp/bx/it on input line 427.
LaTeX Font Info:    Overwriting symbol font `letters' in version `sf'
(Font)                  OML/jkp/m/it --> OML/jkpss/m/it on input line 428.
LaTeX Font Info:    Overwriting symbol font `letters' in version `boldsf'
(Font)                  OML/jkp/m/it --> OML/jkpss/bx/it on input line 429.
LaTeX Font Info:    Redeclaring symbol font `lettersA' on input line 438.
LaTeX Font Info:    Overwriting symbol font `lettersA' in version `normal'
(Font)                  U/txmia/m/it --> U/jkpmia/m/it on input line 438.
LaTeX Font Info:    Overwriting symbol font `lettersA' in version `bold'
(Font)                  U/txmia/bx/it --> U/jkpmia/m/it on input line 438.
LaTeX Font Info:    Overwriting symbol font `lettersA' in version `rm'
(Font)                  U/txmia/m/it --> U/jkpmia/m/it on input line 438.
LaTeX Font Info:    Overwriting symbol font `lettersA' in version `boldrm'
(Font)                  U/txmia/m/it --> U/jkpmia/m/it on input line 438.
LaTeX Font Info:    Overwriting symbol font `lettersA' in version `sf'
(Font)                  U/txmia/m/it --> U/jkpmia/m/it on input line 438.
LaTeX Font Info:    Overwriting symbol font `lettersA' in version `boldsf'
(Font)                  U/txmia/m/it --> U/jkpmia/m/it on input line 438.
LaTeX Font Info:    Overwriting symbol font `lettersA' in version `bold'
(Font)                  U/jkpmia/m/it --> U/jkpmia/bx/it on input line 439.
LaTeX Font Info:    Overwriting symbol font `lettersA' in version `rm'
(Font)                  U/jkpmia/m/it --> U/jkpmia/m/it on input line 441.
LaTeX Font Info:    Overwriting symbol font `lettersA' in version `boldrm'
(Font)                  U/jkpmia/m/it --> U/jkpmia/bx/it on input line 442.
LaTeX Font Info:    Overwriting symbol font `lettersA' in version `sf'
(Font)                  U/jkpmia/m/it --> U/jkpssmia/m/it on input line 443.
LaTeX Font Info:    Overwriting symbol font `lettersA' in version `boldsf'
(Font)                  U/jkpmia/m/it --> U/jkpssmia/bx/it on input line 444.
LaTeX Font Info:    Redeclaring symbol font `symbols' on input line 456.
LaTeX Font Info:    Overwriting symbol font `symbols' in version `normal'
(Font)                  OMS/txsy/m/n --> OMS/jkp/m/n on input line 456.
LaTeX Font Info:    Overwriting symbol font `symbols' in version `bold'
(Font)                  OMS/txsy/bx/n --> OMS/jkp/m/n on input line 456.
LaTeX Font Info:    Overwriting symbol font `symbols' in version `rm'
(Font)                  OMS/txsy/m/n --> OMS/jkp/m/n on input line 456.
LaTeX Font Info:    Overwriting symbol font `symbols' in version `boldrm'
(Font)                  OMS/txsy/m/n --> OMS/jkp/m/n on input line 456.
LaTeX Font Info:    Overwriting symbol font `symbols' in version `sf'
(Font)                  OMS/txsy/m/n --> OMS/jkp/m/n on input line 456.
LaTeX Font Info:    Overwriting symbol font `symbols' in version `boldsf'
(Font)                  OMS/txsy/m/n --> OMS/jkp/m/n on input line 456.
LaTeX Font Info:    Overwriting symbol font `symbols' in version `bold'
(Font)                  OMS/jkp/m/n --> OMS/jkp/bx/n on input line 457.
LaTeX Font Info:    Overwriting symbol font `symbols' in version `rm'
(Font)                  OMS/jkp/m/n --> OMS/jkp/m/n on input line 459.
LaTeX Font Info:    Overwriting symbol font `symbols' in version `boldrm'
(Font)                  OMS/jkp/m/n --> OMS/jkp/bx/n on input line 460.
LaTeX Font Info:    Overwriting symbol font `symbols' in version `sf'
(Font)                  OMS/jkp/m/n --> OMS/jkp/m/n on input line 461.
LaTeX Font Info:    Overwriting symbol font `symbols' in version `boldsf'
(Font)                  OMS/jkp/m/n --> OMS/jkp/bx/n on input line 462.
LaTeX Font Info:    Redeclaring symbol font `AMSa' on input line 475.
LaTeX Font Info:    Overwriting symbol font `AMSa' in version `normal'
(Font)                  U/txsya/m/n --> U/jkpsya/m/n on input line 475.
LaTeX Font Info:    Overwriting symbol font `AMSa' in version `bold'
(Font)                  U/txsya/bx/n --> U/jkpsya/m/n on input line 475.
LaTeX Font Info:    Overwriting symbol font `AMSa' in version `rm'
(Font)                  U/txsya/m/n --> U/jkpsya/m/n on input line 475.
LaTeX Font Info:    Overwriting symbol font `AMSa' in version `boldrm'
(Font)                  U/txsya/m/n --> U/jkpsya/m/n on input line 475.
LaTeX Font Info:    Overwriting symbol font `AMSa' in version `sf'
(Font)                  U/txsya/m/n --> U/jkpsya/m/n on input line 475.
LaTeX Font Info:    Overwriting symbol font `AMSa' in version `boldsf'
(Font)                  U/txsya/m/n --> U/jkpsya/m/n on input line 475.
LaTeX Font Info:    Overwriting symbol font `AMSa' in version `bold'
(Font)                  U/jkpsya/m/n --> U/jkpsya/bx/n on input line 476.
LaTeX Font Info:    Overwriting symbol font `AMSa' in version `rm'
(Font)                  U/jkpsya/m/n --> U/jkpsya/m/n on input line 477.
LaTeX Font Info:    Overwriting symbol font `AMSa' in version `boldrm'
(Font)                  U/jkpsya/m/n --> U/jkpsya/bx/n on input line 478.
LaTeX Font Info:    Overwriting symbol font `AMSa' in version `sf'
(Font)                  U/jkpsya/m/n --> U/jkpsya/m/n on input line 479.
LaTeX Font Info:    Overwriting symbol font `AMSa' in version `boldsf'
(Font)                  U/jkpsya/m/n --> U/jkpsya/bx/n on input line 480.
LaTeX Font Info:    Redeclaring symbol font `AMSb' on input line 528.
LaTeX Font Info:    Overwriting symbol font `AMSb' in version `normal'
(Font)                  U/txsyb/m/n --> U/jkpsyb/m/n on input line 528.
LaTeX Font Info:    Overwriting symbol font `AMSb' in version `bold'
(Font)                  U/txsyb/bx/n --> U/jkpsyb/m/n on input line 528.
LaTeX Font Info:    Overwriting symbol font `AMSb' in version `rm'
(Font)                  U/txsyb/m/n --> U/jkpsyb/m/n on input line 528.
LaTeX Font Info:    Overwriting symbol font `AMSb' in version `boldrm'
(Font)                  U/txsyb/m/n --> U/jkpsyb/m/n on input line 528.
LaTeX Font Info:    Overwriting symbol font `AMSb' in version `sf'
(Font)                  U/txsyb/m/n --> U/jkpsyb/m/n on input line 528.
LaTeX Font Info:    Overwriting symbol font `AMSb' in version `boldsf'
(Font)                  U/txsyb/m/n --> U/jkpsyb/m/n on input line 528.
LaTeX Font Info:    Overwriting symbol font `AMSb' in version `bold'
(Font)                  U/jkpsyb/m/n --> U/jkpsyb/bx/n on input line 529.
LaTeX Font Info:    Overwriting symbol font `AMSb' in version `rm'
(Font)                  U/jkpsyb/m/n --> U/jkpsyb/m/n on input line 530.
LaTeX Font Info:    Overwriting symbol font `AMSb' in version `boldrm'
(Font)                  U/jkpsyb/m/n --> U/jkpsyb/bx/n on input line 531.
LaTeX Font Info:    Overwriting symbol font `AMSb' in version `sf'
(Font)                  U/jkpsyb/m/n --> U/jkpsssyb/m/n on input line 532.
LaTeX Font Info:    Overwriting symbol font `AMSb' in version `boldsf'
(Font)                  U/jkpsyb/m/n --> U/jkpsssyb/bx/n on input line 533.
LaTeX Font Info:    Redeclaring symbol font `symbolsC' on input line 548.
LaTeX Font Info:    Overwriting symbol font `symbolsC' in version `normal'
(Font)                  U/txsyc/m/n --> U/jkpsyc/m/n on input line 548.
LaTeX Font Info:    Overwriting symbol font `symbolsC' in version `bold'
(Font)                  U/txsyc/bx/n --> U/jkpsyc/m/n on input line 548.
LaTeX Font Info:    Overwriting symbol font `symbolsC' in version `rm'
(Font)                  U/txsyc/m/n --> U/jkpsyc/m/n on input line 548.
LaTeX Font Info:    Overwriting symbol font `symbolsC' in version `boldrm'
(Font)                  U/txsyc/m/n --> U/jkpsyc/m/n on input line 548.
LaTeX Font Info:    Overwriting symbol font `symbolsC' in version `sf'
(Font)                  U/txsyc/m/n --> U/jkpsyc/m/n on input line 548.
LaTeX Font Info:    Overwriting symbol font `symbolsC' in version `boldsf'
(Font)                  U/txsyc/m/n --> U/jkpsyc/m/n on input line 548.
LaTeX Font Info:    Overwriting symbol font `symbolsC' in version `bold'
(Font)                  U/jkpsyc/m/n --> U/jkpsyc/bx/n on input line 549.
LaTeX Font Info:    Overwriting symbol font `symbolsC' in version `rm'
(Font)                  U/jkpsyc/m/n --> U/jkpsyc/m/n on input line 551.
LaTeX Font Info:    Overwriting symbol font `symbolsC' in version `boldrm'
(Font)                  U/jkpsyc/m/n --> U/jkpsyc/bx/n on input line 552.
LaTeX Font Info:    Overwriting symbol font `symbolsC' in version `sf'
(Font)                  U/jkpsyc/m/n --> U/jkpsyc/m/n on input line 553.
LaTeX Font Info:    Overwriting symbol font `symbolsC' in version `boldsf'
(Font)                  U/jkpsyc/m/n --> U/jkpsyc/bx/n on input line 554.
LaTeX Font Info:    Overwriting math alphabet `\mathscr' in version `bold'
(Font)                  U/jkpsyd/m/n --> U/jkpsyd/bx/n on input line 583.
LaTeX Font Info:    Overwriting math alphabet `\mathscr' in version `rm'
(Font)                  U/jkpsyd/m/n --> U/jkpsyd/m/n on input line 585.
LaTeX Font Info:    Overwriting math alphabet `\mathscr' in version `boldrm'
(Font)                  U/jkpsyd/m/n --> U/jkpsyd/bx/n on input line 586.
LaTeX Font Info:    Overwriting math alphabet `\mathscr' in version `sf'
(Font)                  U/jkpsyd/m/n --> U/jkpsyd/m/n on input line 587.
LaTeX Font Info:    Overwriting math alphabet `\mathscr' in version `boldsf'
(Font)                  U/jkpsyd/m/n --> U/jkpsyd/bx/n on input line 588.
LaTeX Font Info:    Redeclaring symbol font `largesymbols' on input line 598.
LaTeX Font Info:    Overwriting symbol font `largesymbols' in version `normal'
(Font)                  OMX/txex/m/n --> OMX/jkp/m/n on input line 598.
LaTeX Font Info:    Overwriting symbol font `largesymbols' in version `bold'
(Font)                  OMX/txex/bx/n --> OMX/jkp/m/n on input line 598.
LaTeX Font Info:    Overwriting symbol font `largesymbols' in version `rm'
(Font)                  OMX/txex/m/n --> OMX/jkp/m/n on input line 598.
LaTeX Font Info:    Overwriting symbol font `largesymbols' in version `boldrm'
(Font)                  OMX/txex/m/n --> OMX/jkp/m/n on input line 598.
LaTeX Font Info:    Overwriting symbol font `largesymbols' in version `sf'
(Font)                  OMX/txex/m/n --> OMX/jkp/m/n on input line 598.
LaTeX Font Info:    Overwriting symbol font `largesymbols' in version `boldsf'
(Font)                  OMX/txex/m/n --> OMX/jkp/m/n on input line 598.
LaTeX Font Info:    Overwriting symbol font `largesymbols' in version `bold'
(Font)                  OMX/jkp/m/n --> OMX/jkp/bx/n on input line 599.
LaTeX Font Info:    Overwriting symbol font `largesymbols' in version `rm'
(Font)                  OMX/jkp/m/n --> OMX/jkp/m/n on input line 601.
LaTeX Font Info:    Overwriting symbol font `largesymbols' in version `boldrm'
(Font)                  OMX/jkp/m/n --> OMX/jkp/bx/n on input line 602.
LaTeX Font Info:    Overwriting symbol font `largesymbols' in version `sf'
(Font)                  OMX/jkp/m/n --> OMX/jkpss/m/n on input line 603.
LaTeX Font Info:    Overwriting symbol font `largesymbols' in version `boldsf'
(Font)                  OMX/jkp/m/n --> OMX/jkpss/bx/n on input line 604.
LaTeX Font Info:    Redeclaring symbol font `largesymbolsA' on input line 614.
LaTeX Font Info:    Overwriting symbol font `largesymbolsA' in version `normal'

(Font)                  U/txexa/m/n --> U/jkpexa/m/n on input line 614.
LaTeX Font Info:    Overwriting symbol font `largesymbolsA' in version `bold'
(Font)                  U/txexa/bx/n --> U/jkpexa/m/n on input line 614.
LaTeX Font Info:    Overwriting symbol font `largesymbolsA' in version `rm'
(Font)                  U/txexa/m/n --> U/jkpexa/m/n on input line 614.
LaTeX Font Info:    Overwriting symbol font `largesymbolsA' in version `boldrm'

(Font)                  U/txexa/m/n --> U/jkpexa/m/n on input line 614.
LaTeX Font Info:    Overwriting symbol font `largesymbolsA' in version `sf'
(Font)                  U/txexa/m/n --> U/jkpexa/m/n on input line 614.
LaTeX Font Info:    Overwriting symbol font `largesymbolsA' in version `boldsf'

(Font)                  U/txexa/m/n --> U/jkpexa/m/n on input line 614.
LaTeX Font Info:    Overwriting symbol font `largesymbolsA' in version `bold'
(Font)                  U/jkpexa/m/n --> U/jkpexa/bx/n on input line 615.
LaTeX Font Info:    Overwriting symbol font `largesymbolsA' in version `rm'
(Font)                  U/jkpexa/m/n --> U/jkpexa/m/n on input line 617.
LaTeX Font Info:    Overwriting symbol font `largesymbolsA' in version `boldrm'

(Font)                  U/jkpexa/m/n --> U/jkpexa/bx/n on input line 618.
LaTeX Font Info:    Overwriting symbol font `largesymbolsA' in version `sf'
(Font)                  U/jkpexa/m/n --> U/jkpexa/m/n on input line 619.
LaTeX Font Info:    Overwriting symbol font `largesymbolsA' in version `boldsf'

(Font)                  U/jkpexa/m/n --> U/jkpexa/bx/n on input line 620.
LaTeX Font Info:    Redeclaring math symbol \n@tch@r on input line 1578.
LaTeX Info: Redefining \not on input line 1580.
)
(D:\CTEX\MiKTeX\tex\latex\graphics\graphicx.sty
Package: graphicx 1999/02/16 v1.0f Enhanced LaTeX Graphics (DPC,SPQR)

(D:\CTEX\MiKTeX\tex\latex\graphics\keyval.sty
Package: keyval 1999/03/16 v1.13 key=value parser (DPC)
\KV@toks@=\toks20
)
(D:\CTEX\MiKTeX\tex\latex\graphics\graphics.sty
Package: graphics 2009/02/05 v1.0o Standard LaTeX Graphics (DPC,SPQR)

(D:\CTEX\MiKTeX\tex\latex\graphics\trig.sty
Package: trig 1999/03/16 v1.09 sin cos tan (DPC)
)
(D:\CTEX\MiKTeX\tex\latex\00miktex\graphics.cfg
File: graphics.cfg 2007/01/18 v1.5 graphics configuration of teTeX/TeXLive
)
Package graphics Info: Driver file: dvips.def on input line 91.

(D:\CTEX\MiKTeX\tex\latex\graphics\dvips.def
File: dvips.def 1999/02/16 v3.0i Driver-dependant file (DPC,SPQR)
))
\Gin@req@height=\dimen114
\Gin@req@width=\dimen115
)
(D:\CTEX\MiKTeX\tex\latex\ctex\ctex.sty
Package: ctex 2011/03/11 v1.02c ctex macros package

(D:\CTEX\MiKTeX\tex\latex\ctex\opt\ctex-common-opts.def)
(D:\CTEX\CTeX\tex\latex\ctex\cfg\ctexopts.cfg)
(D:\CTEX\MiKTeX\tex\latex\ctex\def\ctex-common.def
(D:\CTEX\MiKTeX\tex\latex\l3kernel\expl3.sty
(D:\CTEX\MiKTeX\tex\latex\l3kernel\l3names.sty
(D:\CTEX\MiKTeX\tex\latex\l3kernel\l3bootstrap.sty
Package: l3bootstrap 2011/12/29 v3110 L3 Experimental bootstrap code
)
Package: l3names 2011/12/30 v3113 L3 Experimental namespace for primitives
)
(D:\CTEX\MiKTeX\tex\latex\misc\etex.sty
Package: etex 1998/03/26 v2.0 eTeX basic definition package (PEB)
\et@xins=\count105
)
Package: expl3 2012/02/26 v3471 L3 Experimental code bundle wrapper

(D:\CTEX\MiKTeX\tex\latex\graphics\color.sty
Package: color 2005/11/14 v1.0j Standard LaTeX Color (DPC)

(D:\CTEX\MiKTeX\tex\latex\00miktex\color.cfg
File: color.cfg 2007/01/18 v1.5 color configuration of teTeX/TeXLive
)
Package color Info: Driver file: xetex.def on input line 130.

(D:\CTEX\MiKTeX\tex\xelatex\xetex-def\xetex.def
File: xetex.def 2009/11/22 v0.94 LaTeX color/graphics driver for XeTeX (RRM/JK)

))
(D:\CTEX\MiKTeX\tex\latex\l3kernel\l3basics.sty
Package: l3basics 2012/02/26 v3460 L3 Experimental basic definitions
)
(D:\CTEX\MiKTeX\tex\latex\l3kernel\l3expan.sty
Package: l3expan 2012/02/26 v3460 L3 Experimental argument expansion
)
(D:\CTEX\MiKTeX\tex\latex\l3kernel\l3tl.sty
Package: l3tl 2012/02/26 v3460 L3 Experimental token lists
)
(D:\CTEX\MiKTeX\tex\latex\l3kernel\l3seq.sty
Package: l3seq 2012/01/09 v3158 L3 Experimental sequences and stacks
)
(D:\CTEX\MiKTeX\tex\latex\l3kernel\l3int.sty
Package: l3int 2012/02/26 v3460 L3 Experimental integers
\c_max_int=\count106
\l_tmpa_int=\count107
\l_tmpb_int=\count108
\l_tmpc_int=\count109
\g_tmpa_int=\count110
\g_tmpb_int=\count111
)
(D:\CTEX\MiKTeX\tex\latex\l3kernel\l3quark.sty
Package: l3quark 2012/02/12 v3384 L3 Experimental quarks
)
(D:\CTEX\MiKTeX\tex\latex\l3kernel\l3prg.sty
Package: l3prg 2012/02/26 v3464 L3 Experimental control structures
\g_prg_map_int=\count112
)
(D:\CTEX\MiKTeX\tex\latex\l3kernel\l3clist.sty
Package: l3clist 2012/02/26 v3460 L3 Experimental comma separated lists
)
(D:\CTEX\MiKTeX\tex\latex\l3kernel\l3token.sty
Package: l3token 2012/02/26 v3460 L3 Experimental token manipulation
)
(D:\CTEX\MiKTeX\tex\latex\l3kernel\l3prop.sty
Package: l3prop 2012/02/26 v3460 L3 Experimental property lists
)
(D:\CTEX\MiKTeX\tex\latex\l3kernel\l3msg.sty
Package: l3msg 2012/02/26 v3470 L3 Experimental messages
)
(D:\CTEX\MiKTeX\tex\latex\l3kernel\l3file.sty
Package: l3file 2012/02/26 v3464 L3 Experimental file and I/O operations
\l_iow_stream_int=\count113
\l_iow_line_length_int=\count114
\l_iow_target_length_int=\count115
\l_iow_current_line_int=\count116
\l_iow_current_word_int=\count117
\l_iow_current_indentation_int=\count118
)
(D:\CTEX\MiKTeX\tex\latex\l3kernel\l3skip.sty
Package: l3skip 2012/02/26 v3460 L3 Experimental dimensions and skips
\l_tmpa_dim=\dimen116
\l_tmpb_dim=\dimen117
\l_tmpc_dim=\dimen118
\g_tmpa_dim=\dimen119
\g_tmpb_dim=\dimen120
\l_tmpa_skip=\skip46
\l_tmpb_skip=\skip47
\l_tmpc_skip=\skip48
\g_tmpa_skip=\skip49
\g_tmpb_skip=\skip50
)
(D:\CTEX\MiKTeX\tex\latex\l3kernel\l3keys.sty
Package: l3keys 2011/12/22 v3086 L3 Experimental key-value interfaces
\g_keyval_level_int=\count119
\l_keys_choice_int=\count120
)
(D:\CTEX\MiKTeX\tex\latex\l3kernel\l3fp.sty
Package: l3fp 2012/02/06 v3315 L3 Experimental floating-point operations
\c_one_hundred_million=\count121
\c_five_hundred_million=\count122
\c_one_thousand_million=\count123
\c_fp_pi_by_four_decimal_int=\count124
\c_fp_pi_by_four_extended_int=\count125
\c_fp_pi_decimal_int=\count126
\c_fp_pi_extended_int=\count127
\c_fp_two_pi_decimal_int=\count128
\c_fp_two_pi_extended_int=\count129
\l_fp_count_int=\count130
\l_fp_div_offset_int=\count131
\l_fp_exp_integer_int=\count132
\l_fp_exp_decimal_int=\count133
\l_fp_exp_extended_int=\count134
\l_fp_exp_exponent_int=\count135
\l_fp_input_a_sign_int=\count136
\l_fp_input_a_integer_int=\count137
\l_fp_input_a_decimal_int=\count138
\l_fp_input_a_exponent_int=\count139
\l_fp_input_b_sign_int=\count140
\l_fp_input_b_integer_int=\count141
\l_fp_input_b_decimal_int=\count142
\l_fp_input_b_exponent_int=\count143
\l_fp_input_a_extended_int=\count144
\l_fp_input_b_extended_int=\count145
\l_fp_mul_a_i_int=\count146
\l_fp_mul_a_ii_int=\count147
\l_fp_mul_a_iii_int=\count148
\l_fp_mul_a_iv_int=\count149
\l_fp_mul_a_v_int=\count150
\l_fp_mul_a_vi_int=\count151
\l_fp_mul_b_i_int=\count152
\l_fp_mul_b_ii_int=\count153
\l_fp_mul_b_iii_int=\count154
\l_fp_mul_b_iv_int=\count155
\l_fp_mul_b_v_int=\count156
\l_fp_mul_b_vi_int=\count157
\l_fp_mul_output_int=\count158
\l_fp_output_sign_int=\count159
\l_fp_output_integer_int=\count160
\l_fp_output_decimal_int=\count161
\l_fp_output_exponent_int=\count162
\l_fp_output_extended_int=\count163
\l_fp_round_position_int=\count164
\l_fp_round_target_int=\count165
\l_fp_split_sign_int=\count166
\l_fp_internal_int=\count167
\l_fp_trig_octant_int=\count168
\l_fp_trig_sign_int=\count169
\l_fp_trig_decimal_int=\count170
\l_fp_trig_extended_int=\count171
\l_fp_internal_dim=\dimen121
\l_fp_internal_skip=\skip51
)
(D:\CTEX\MiKTeX\tex\latex\l3kernel\l3box.sty
Package: l3box 2012/02/18 v3432 L3 Experimental boxes
\l_tmpb_box=\box28
\l_box_top_dim=\dimen122
\l_box_bottom_dim=\dimen123
\l_box_left_dim=\dimen124
\l_box_right_dim=\dimen125
\l_box_top_new_dim=\dimen126
\l_box_bottom_new_dim=\dimen127
\l_box_left_new_dim=\dimen128
\l_box_right_new_dim=\dimen129
\l_box_internal_box=\box29
)
(D:\CTEX\MiKTeX\tex\latex\l3kernel\l3coffins.sty
Package: l3coffins 2012/02/26 v3460 L3 Experimental coffin code layer
\l_coffin_internal_box=\box30
\l_coffin_internal_dim=\dimen130
\l_coffin_offset_x_dim=\dimen131
\l_coffin_offset_y_dim=\dimen132
\l_coffin_x_dim=\dimen133
\l_coffin_y_dim=\dimen134
\l_coffin_x_prime_dim=\dimen135
\l_coffin_y_prime_dim=\dimen136
\l_coffin_Depth_dim=\dimen137
\l_coffin_Height_dim=\dimen138
\l_coffin_TotalHeight_dim=\dimen139
\l_coffin_Width_dim=\dimen140
\c_empty_coffin=\box31
\l_coffin_aligned_coffin=\box32
\l_coffin_aligned_internal_coffin=\box33
\l_coffin_bounding_shift_dim=\dimen141
\l_coffin_left_corner_dim=\dimen142
\l_coffin_right_corner_dim=\dimen143
\l_coffin_bottom_corner_dim=\dimen144
\l_coffin_top_corner_dim=\dimen145
\l_coffin_scaled_total_height_dim=\dimen146
\l_coffin_scaled_width_dim=\dimen147
\l_coffin_display_coffin=\box34
\l_coffin_display_coord_coffin=\box35
\l_coffin_display_pole_coffin=\box36
\l_coffin_display_offset_dim=\dimen148
\l_coffin_display_x_dim=\dimen149
\l_coffin_display_y_dim=\dimen150
)
(D:\CTEX\MiKTeX\tex\latex\l3kernel\l3color.sty
Package: l3color 2011/09/07 v2776 L3 Experimental colour support
)
(D:\CTEX\MiKTeX\tex\latex\l3kernel\l3luatex.sty
Package: l3luatex 2012/02/09 v3355 L3 Experimental LuaTeX-specific functions
\g_cctab_allocate_int=\count172
\g_cctab_stack_int=\count173
))
(D:\CTEX\MiKTeX\tex\latex\etoolbox\etoolbox.sty
Package: etoolbox 2011/01/03 v2.1 e-TeX tools for LaTeX
\etb@tempcnta=\count174
)
(D:\CTEX\MiKTeX\tex\generic\oberdiek\ifpdf.sty
Package: ifpdf 2011/01/30 v2.3 Provides the ifpdf switch (HO)
Package ifpdf Info: pdfTeX in PDF mode is not detected.
)
(D:\CTEX\MiKTeX\tex\generic\ifxetex\ifxetex.sty
Package: ifxetex 2010/09/12 v0.6 Provides ifxetex conditional
)
(D:\CTEX\MiKTeX\tex\latex\tools\indentfirst.sty
Package: indentfirst 1995/11/23 v1.03 Indent first paragraph (DPC)
)
(D:\CTEX\MiKTeX\tex\latex\base\fix-cm.sty
Package: fix-cm 2006/09/13 v1.1m fixes to LaTeX

(D:\CTEX\MiKTeX\tex\latex\base\ts1enc.def
File: ts1enc.def 2001/06/05 v3.0e (jk/car/fm) Standard LaTeX file
LaTeX Font Info:    Redeclaring font encoding TS1 on input line 42.
))
(D:\CTEX\MiKTeX\tex\latex\ctex\engine\ctex-xecjk-engine.def
(D:\CTEX\MiKTeX\tex\latex\savesym\savesym.sty

LaTeX Warning: You have requested package `savesym',
               but the package provides `savesymbol'.

Package: savesymbol 2003/06/01 v1.1 Saves and restores symbols
) (D:\CTEX\MiKTeX\tex\xelatex\xecjk\xeCJK.sty
Package: xeCJK 2012/01/31 2.4.5 package for typesetting CJK scripts with XeLaTe
X

(D:\CTEX\MiKTeX\tex\latex\xkeyval\xkeyval.sty
Package: xkeyval 2008/08/13 v2.6a package option processing (HA)

(D:\CTEX\MiKTeX\tex\generic\xkeyval\xkeyval.tex
\XKV@toks=\toks21
\XKV@tempa@toks=\toks22
\XKV@depth=\count175
File: xkeyval.tex 2008/08/13 v2.6a key=value parser (HA)
))
(D:\CTEX\MiKTeX\tex\latex\fontspec\fontspec.sty
Package: fontspec 2011/09/18 v2.2a Advanced font selection for XeLaTeX/LuaLaTeX


(D:\CTEX\MiKTeX\tex\latex\l3packages\xparse\xparse.sty
Package: xparse 2012/02/26 v3471 L3 Experimental document command parser
\l_xparse_current_arg_int=\count176
\l_xparse_m_args_int=\count177
\l_xparse_mandatory_args_int=\count178
\l_xparse_processor_int=\count179
\l_xparse_v_nesting_int=\count180
)
\l_fontspec_script_int=\count181
\l_fontspec_language_int=\count182
\l_fontspec_strnum_int=\count183
\l_fontspec_tmpa_dim=\dimen151
\l_fontspec_tmpb_dim=\dimen152
\l_fontspec_tmpc_dim=\dimen153
Variant \tl_gset:cV already defined; not changing it on line 66

(D:\CTEX\MiKTeX\tex\latex\fontspec\fontspec-patches.sty
Package: fontspec-patches 2011/09/18 v2.2a Advanced font selection for XeLaTeX/
LuaLaTeX

(D:\CTEX\MiKTeX\tex\latex\base\fixltx2e.sty
Package: fixltx2e 2006/09/13 v1.1m fixes to LaTeX
LaTeX Info: Redefining \em on input line 420.
LaTeX Info: The control sequence `\[' is already robust on input line 471.
LaTeX Info: The control sequence `\]' is already robust on input line 472.
)
LaTeX Info: Redefining \em on input line 22.
LaTeX Info: Redefining \emph on input line 29.
LaTeX Info: Redefining \- on input line 32.

*************************************************
* LaTeX warning: "xparse/redefine-command"
* 
* Redefining document command \oldstylenums with arg. spec. 'm' on line 107.
*************************************************
.................................................
. LaTeX info: "xparse/define-command"
. 
. Defining document command \liningnums with arg. spec. 'm' on line 111.
.................................................
) (D:\CTEX\MiKTeX\tex\latex\fontspec\fontspec-xetex.sty
Package: fontspec-xetex 2011/09/18 v2.2a Advanced font selection for XeLaTeX/Lu
aLaTeX

(D:\CTEX\MiKTeX\tex\latex\base\fontenc.sty
Package: fontenc 2005/09/27 v1.99g Standard LaTeX package

(D:\CTEX\MiKTeX\tex\latex\euenc\eu1enc.def
File: eu1enc.def 2010/05/27 v0.1h Experimental Unicode font encodings
)
LaTeX Font Info:    Try loading font information for EU1+lmr on input line 100.


(D:\CTEX\MiKTeX\tex\latex\euenc\eu1lmr.fd
File: eu1lmr.fd 2009/10/30 v1.6 Font defs for Latin Modern
)
Requested font "[lmroman10-regular]:mapping=tex-text" at 10.0pt
 -> D:/CTEX/MiKTeX/fonts/opentype/public/lm/lmroman10-regular.otf
)
(D:\CTEX\MiKTeX\tex\xelatex\xunicode\xunicode.sty
File: xunicode.sty 2011/09/09 v0.981 provides access to latin accents and many 
other characters in Unicode lower plane

(D:\CTEX\MiKTeX\tex\latex\tipa\t3enc.def
File: t3enc.def 2001/12/31 T3 encoding
Requested font "[lmromanslant10-regular]:mapping=tex-text" at 10.0pt
 -> D:/CTEX/MiKTeX/fonts/opentype/public/lm/lmromanslant10-regular.otf
Requested font "[lmroman10-italic]:mapping=tex-text" at 10.0pt
 -> D:/CTEX/MiKTeX/fonts/opentype/public/lm/lmroman10-italic.otf
Requested font "[lmromandemi10-regular]:mapping=tex-text" at 10.0pt
 -> D:/CTEX/MiKTeX/fonts/opentype/public/lm/lmromandemi10-regular.otf
LaTeX Font Info:    Try loading font information for EU1+lmss on input line 357
.

(D:\CTEX\MiKTeX\tex\latex\euenc\eu1lmss.fd
File: eu1lmss.fd 2009/10/30 v1.6 Font defs for Latin Modern
)
Requested font "[lmsans10-regular]:mapping=tex-text" at 10.0pt
 -> D:/CTEX/MiKTeX/fonts/opentype/public/lm/lmsans10-regular.otf
)
\tipaTiiicode=\count184
\tipasavetokens=\toks23
\tipachecktokens=\toks24
)
.................................................
. LaTeX info: "xparse/define-command"
. 
. Defining document command \fontspec with arg. spec. 'O{}m' on line 39.
.................................................
.................................................
. LaTeX info: "xparse/define-command"
. 
. Defining document command \setmainfont with arg. spec. 'O{}m' on line 43.
.................................................
.................................................
. LaTeX info: "xparse/define-command"
. 
. Defining document command \setsansfont with arg. spec. 'O{}m' on line 47.
.................................................
.................................................
. LaTeX info: "xparse/define-command"
. 
. Defining document command \setmonofont with arg. spec. 'O{}m' on line 51.
.................................................
.................................................
. LaTeX info: "xparse/define-command"
. 
. Defining document command \setmathrm with arg. spec. 'O{}m' on line 59.
.................................................
.................................................
. LaTeX info: "xparse/define-command"
. 
. Defining document command \setboldmathrm with arg. spec. 'O{}m' on line 62.
.................................................
.................................................
. LaTeX info: "xparse/define-command"
. 
. Defining document command \setmathsf with arg. spec. 'O{}m' on line 65.
.................................................
.................................................
. LaTeX info: "xparse/define-command"
. 
. Defining document command \setmathtt with arg. spec. 'O{}m' on line 68.
.................................................
.................................................
. LaTeX info: "xparse/define-command"
. 
. Defining document command \newfontfamily with arg. spec. 'mO{}m' on line 84.
.................................................
.................................................
. LaTeX info: "xparse/define-command"
. 
. Defining document command \newfontface with arg. spec. 'mO{}m' on line 87.
.................................................
.................................................
. LaTeX info: "xparse/define-command"
. 
. Defining document command \defaultfontfeatures with arg. spec. 'm' on line
. 91.
.................................................
.................................................
. LaTeX info: "xparse/define-command"
. 
. Defining document command \addfontfeatures with arg. spec. 'm' on line 107.
.................................................
.................................................
. LaTeX info: "xparse/define-command"
. 
. Defining document command \newfontfeature with arg. spec. 'mm' on line 118.
.................................................
.................................................
. LaTeX info: "xparse/define-command"
. 
. Defining document command \newAATfeature with arg. spec. 'mmmm' on line 125.
.................................................
.................................................
. LaTeX info: "xparse/define-command"
. 
. Defining document command \newICUfeature with arg. spec. 'mmm' on line 132.
.................................................
.................................................
. LaTeX info: "xparse/define-command"
. 
. Defining document command \aliasfontfeature with arg. spec. 'mm' on line
. 159.
.................................................
.................................................
. LaTeX info: "xparse/define-command"
. 
. Defining document command \aliasfontfeatureoption with arg. spec. 'mmm' on
. line 164.
.................................................
.................................................
. LaTeX info: "xparse/define-command"
. 
. Defining document command \newfontscript with arg. spec. 'mm' on line 169.
.................................................
.................................................
. LaTeX info: "xparse/define-command"
. 
. Defining document command \newfontlanguage with arg. spec. 'mm' on line 192.
.................................................
.................................................
. LaTeX info: "xparse/define-command"
. 
. Defining document command \DeclareFontsExtensions with arg. spec. 'm' on
. line 211.
.................................................
Variant \prop_gput:cnV already defined; not changing it on line 485
Variant \prop_gput:cnx already defined; not changing it on line 486
Variant \keys_set:nx already defined; not changing it on line 963
\c@fontspec_tmp_int=\count185
LaTeX Info: Redefining \itshape on input line 1881.
LaTeX Info: Redefining \slshape on input line 1885.
LaTeX Info: Redefining \scshape on input line 1889.
LaTeX Info: Redefining \upshape on input line 1893.

(D:\CTEX\MiKTeX\tex\latex\fontspec\fontspec.cfg)))
\xeCJK@cnta=\count186
\xeCJK@cntb=\count187
\xeCJK@cntc=\count188
\xeCJK@cntd=\count189
\xeCJK@cnte=\count190
\xeCJK@dima=\dimen154
LaTeX Info: Redefining \normalfont on input line 886.
LaTeX Info: Redefining \rmfamily on input line 895.
LaTeX Info: Redefining \sffamily on input line 899.
LaTeX Info: Redefining \ttfamily on input line 903.
\xeCJK@featureadded=\count191
\g_xecjk_exspace_dim=\dimen155
)
(D:\CTEX\MiKTeX\tex\latex\ctex\engine\ctex-cjk-common.def
\ccwd=\dimen156
)
(D:\CTEX\MiKTeX\tex\latex\ctex\fontset\ctex-xecjk-winfonts.def))
\CTEX@q=\count192
\CTEX@r=\count193
))
(D:\CTEX\MiKTeX\tex\latex\ctex\def\ctex-utf8.def)
(D:\CTEX\MiKTeX\tex\latex\ctex\cfg\ctex.cfg)
(D:\CTEX\MiKTeX\tex\latex\comment\comment.sty
\CommentStream=\write3
 Excluding comment 'comment')
("C:\Users\qingguo\Desktop\必修二 选修四\4\4.aux")
LaTeX Font Info:    Checking defaults for OML/jkp/m/it on input line 14.
LaTeX Font Info:    Try loading font information for OML+jkp on input line 14.

(D:\CTEX\MiKTeX\tex\latex\kpfonts\omljkp.fd
File: omljkp.fd 2006/08/15 v1.0
)
LaTeX Font Info:    ... okay on input line 14.
LaTeX Font Info:    Checking defaults for T1/cmr/m/n on input line 14.
LaTeX Font Info:    ... okay on input line 14.
LaTeX Font Info:    Checking defaults for OT1/cmr/m/n on input line 14.
LaTeX Font Info:    ... okay on input line 14.
LaTeX Font Info:    Checking defaults for OMS/jkp/m/n on input line 14.
LaTeX Font Info:    Try loading font information for OMS+jkp on input line 14.

(D:\CTEX\MiKTeX\tex\latex\kpfonts\omsjkp.fd
File: omsjkp.fd 2006/08/15 v1.0
)
LaTeX Font Info:    ... okay on input line 14.
LaTeX Font Info:    Checking defaults for OMX/jkp/m/n on input line 14.
LaTeX Font Info:    Try loading font information for OMX+jkp on input line 14.

(D:\CTEX\MiKTeX\tex\latex\kpfonts\omxjkp.fd
File: omxjkp.fd 2006/08/15 v1.0
)
LaTeX Font Info:    ... okay on input line 14.
LaTeX Font Info:    Checking defaults for U/jkpexa/m/n on input line 14.
LaTeX Font Info:    Try loading font information for U+jkpexa on input line 14.


(D:\CTEX\MiKTeX\tex\latex\kpfonts\ujkpexa.fd
File: ujkpexa.fd 2006/08/15 v1.0
)
LaTeX Font Info:    ... okay on input line 14.
LaTeX Font Info:    Checking defaults for TS1/cmr/m/n on input line 14.
LaTeX Font Info:    ... okay on input line 14.
LaTeX Font Info:    Checking defaults for EU1/lmr/m/n on input line 14.
LaTeX Font Info:    ... okay on input line 14.
LaTeX Font Info:    Checking defaults for T3/cmr/m/n on input line 14.
LaTeX Font Info:    Try loading font information for T3+cmr on input line 14.

(D:\CTEX\MiKTeX\tex\latex\tipa\t3cmr.fd
File: t3cmr.fd 2001/12/31 TIPA font definitions
)
LaTeX Font Info:    ... okay on input line 14.
Requested font "SimSun" at 10.0pt
 -> D:/CTEX/CTeX/fonts/truetype/chinese/simsun.ttf
Requested font "SimSun/ICU" at 10.0pt
 -> D:/CTEX/CTeX/fonts/truetype/chinese/simsun.ttf
\g_fontspec_family_SimSun_int=\count194
Requested font "SimHei/ICU" at 10.0pt
 -> C:/WINDOWS/Fonts/simhei.ttf
Requested font "[SIMKAI.TTF]/ICU" at 10.0pt
 -> C:/WINDOWS/Fonts/SIMKAI.TTF
Requested font "SimHei/I/ICU" at 10.0pt
 -> C:/WINDOWS/Fonts/simhei.ttf
.................................................
. fontspec info: "no-font-shape"
. 
. Could not resolve font SimHei/I (it probably doesn't exist).
.................................................
.................................................
. fontspec info: "defining-font"
. 
. Font family 'SimSun(0)' created for font 'SimSun' with options
. [Ligatures=TeX,BoldFont={SimHei},ItalicFont={[SIMKAI.TTF]}].
. 
. This font family consists of the following shapes:
. 
. * 'normal' with NFSS spec.:
. <->"SimSun/ICU:script=latn;language=DFLT;mapping=tex-text;"
. 
. * 'bold' with NFSS spec.:
. <->"SimHei/ICU:script=latn;language=DFLT;mapping=tex-text;"
. 
. * 'italic' with NFSS spec.:
. <->"[SIMKAI.TTF]/ICU:script=latn;language=DFLT;mapping=tex-text;"
.................................................
Requested font "SimSun/ICU:script=latn;language=DFLT;mapping=tex-text;" at 10.0
pt
 -> D:/CTEX/CTeX/fonts/truetype/chinese/simsun.ttf
LaTeX Font Info:    Try loading font information for OT1+jkp on input line 24.

(D:\CTEX\MiKTeX\tex\latex\kpfonts\ot1jkp.fd
File: ot1jkp.fd 2007/08/30 Fontinst v1.928 font definitions for OT1/jkp.
)
Requested font "jkpmn7t" at 10.0pt
 -> jkpmn7t
Requested font "jkpmn7t" at 7.6pt
 -> jkpmn7t
Requested font "jkpmn7t" at 6.0pt
 -> jkpmn7t
Requested font "jkpmi" at 10.0pt
 -> jkpmi
Requested font "jkpmi" at 7.6pt
 -> jkpmi
Requested font "jkpmi" at 6.0pt
 -> jkpmi
Requested font "jkpsy" at 10.0pt
 -> jkpsy
Requested font "jkpsy" at 7.6pt
 -> jkpsy
Requested font "jkpsy" at 6.0pt
 -> jkpsy
Requested font "jkpex" at 10.0pt
 -> jkpex
Requested font "jkpex" at 7.6pt
 -> jkpex
Requested font "jkpex" at 6.0pt
 -> jkpex
LaTeX Font Info:    Try loading font information for U+jkpsya on input line 24.


(D:\CTEX\MiKTeX\tex\latex\kpfonts\ujkpsya.fd
File: ujkpsya.fd 2006/08/15 v1.0
)
Requested font "jkpsya" at 10.0pt
 -> jkpsya
Requested font "jkpsya" at 7.6pt
 -> jkpsya
Requested font "jkpsya" at 6.0pt
 -> jkpsya
LaTeX Font Info:    Try loading font information for U+jkpsyb on input line 24.


(D:\CTEX\MiKTeX\tex\latex\kpfonts\ujkpsyb.fd
File: ujkpsyb.fd 2006/08/15 v1.0
)
Requested font "jkpsyb" at 10.0pt
 -> jkpsyb
Requested font "jkpsyb" at 7.6pt
 -> jkpsyb
Requested font "jkpsyb" at 6.0pt
 -> jkpsyb
LaTeX Font Info:    Try loading font information for OT1+txr on input line 24.

(D:\CTEX\MiKTeX\tex\latex\txfonts\ot1txr.fd
File: ot1txr.fd 2000/12/15 v3.1
)
Requested font "txi" at 10.0pt
 -> txi
Requested font "txi" at 7.6pt
 -> txi
Requested font "txi" at 6.0pt
 -> txi
LaTeX Font Info:    Try loading font information for U+jkpmia on input line 24.


(D:\CTEX\MiKTeX\tex\latex\kpfonts\ujkpmia.fd
File: ujkpmia.fd 2006/08/15 v1.0
)
Requested font "jkpmia" at 10.0pt
 -> jkpmia
Requested font "jkpmia" at 7.6pt
 -> jkpmia
Requested font "jkpmia" at 6.0pt
 -> jkpmia
LaTeX Font Info:    Try loading font information for U+jkpsyc on input line 24.


(D:\CTEX\MiKTeX\tex\latex\kpfonts\ujkpsyc.fd
File: ujkpsyc.fd 2006/08/15 v1.0
)
Requested font "jkpsyc" at 10.0pt
 -> jkpsyc
Requested font "jkpsyc" at 7.6pt
 -> jkpsyc
Requested font "jkpsyc" at 6.0pt
 -> jkpsyc
Requested font "jkpexa" at 10.0pt
 -> jkpexa
Requested font "jkpexa" at 7.6pt
 -> jkpexa
Requested font "jkpexa" at 6.0pt
 -> jkpexa
Missing character: There is no ① in font [lmroman10-regular]:mapping=tex-text
!
Missing character: There is no ② in font [lmroman10-regular]:mapping=tex-text
!
Missing character: There is no ③ in font [lmroman10-regular]:mapping=tex-text
!
Missing character: There is no ④ in font [lmroman10-regular]:mapping=tex-text
!
Missing character: There is no ① in font [lmroman10-regular]:mapping=tex-text
!
Missing character: There is no ② in font [lmroman10-regular]:mapping=tex-text
!
Missing character: There is no ③ in font [lmroman10-regular]:mapping=tex-text
!
Missing character: There is no ④ in font [lmroman10-regular]:mapping=tex-text
!
 [1

]
Missing character: There is no ① in font [lmroman10-regular]:mapping=tex-text
!
Missing character: There is no ② in font [lmroman10-regular]:mapping=tex-text
!
Missing character: There is no ③ in font [lmroman10-regular]:mapping=tex-text
!
Missing character: There is no ④ in font [lmroman10-regular]:mapping=tex-text
!
Missing character: There is no ① in font [lmroman10-regular]:mapping=tex-text
!
Missing character: There is no ② in font [lmroman10-regular]:mapping=tex-text
!
Missing character: There is no ④ in font [lmroman10-regular]:mapping=tex-text
!
Missing character: There is no ① in font [lmroman10-regular]:mapping=tex-text
!
Missing character: There is no ② in font [lmroman10-regular]:mapping=tex-text
!
Missing character: There is no ④ in font [lmroman10-regular]:mapping=tex-text
!
Missing character: There is no ① in font [lmroman10-regular]:mapping=tex-text
!
Missing character: There is no ② in font [lmroman10-regular]:mapping=tex-text
!
Missing character: There is no ③ in font [lmroman10-regular]:mapping=tex-text
!

Overfull \hbox (9.52313pt too wide) in paragraph at lines 102--103
[]\xeCJK@rm/m/n/10 题 目：| 设 \EU1/lmr/m/n/10 a$[]$b$[]$1\xeCJK@rm/m/n/10 
，| \EU1/lmr/m/n/10 c$[]$0\xeCJK@rm/m/n/10 ，| 给 出 下 列 三 个 结 
：| \EU1/lmr/m/n/10 ①$[]$$[]$$[]$\xeCJK@rm/m/n/10 ；| \EU1/lmr/m/n/10 ②a
$[][]$$[]$b$[][]$\xeCJK@rm/m/n/10 ；| \EU1/lmr/m/n/10 ③log$[][]$(a-c)$[]$log
$[][]$(b-
 []

Missing character: There is no ① in font [lmroman10-regular]:mapping=tex-text
!
Missing character: There is no ② in font [lmroman10-regular]:mapping=tex-text
!
Missing character: There is no ③ in font [lmroman10-regular]:mapping=tex-text
!
Missing character: There is no ① in font [lmroman10-regular]:mapping=tex-text
!
Missing character: There is no ② in font [lmroman10-regular]:mapping=tex-text
!
Missing character: There is no ③ in font [lmroman10-regular]:mapping=tex-text
!

Overfull \hbox (19.98985pt too wide) in paragraph at lines 116--117
[]\xeCJK@rm/m/n/10 题 目：| 已 知 \EU1/lmr/m/n/10 -1$[]$x \xeCJK@rm/m/n/10
 ＋ \EU1/lmr/m/n/10 y$[]$4 \xeCJK@rm/m/n/10 且 \EU1/lmr/m/n/10 2$[]$x-y$[]$3\
xeCJK@rm/m/n/10 ，| 则 \EU1/lmr/m/n/10 z \xeCJK@rm/m/n/10 ＝ \EU1/lmr/m/n/10
 2x-3y \xeCJK@rm/m/n/10 的 取 值 范 围 是 \EU1/lmr/m/n/10 ________\xeCJK@
rm/m/n/10 ．| 
 []

[2]
Missing character: There is no ① in font [lmroman10-regular]:mapping=tex-text
!
Missing character: There is no ② in font [lmroman10-regular]:mapping=tex-text
!
Missing character: There is no ① in font [lmroman10-regular]:mapping=tex-text
!
Missing character: There is no ② in font [lmroman10-regular]:mapping=tex-text
!
Missing character: There is no ① in font [lmroman10-regular]:mapping=tex-text
!
Missing character: There is no ② in font [lmroman10-regular]:mapping=tex-text
!
Missing character: There is no ③ in font [lmroman10-regular]:mapping=tex-text
!
Requested font "[lmroman8-regular]:mapping=tex-text" at 7.6pt
 -> D:/CTEX/MiKTeX/fonts/opentype/public/lm/lmroman8-regular.otf
Requested font "SimSun" at 7.6pt
 -> D:/CTEX/CTeX/fonts/truetype/chinese/simsun.ttf
Requested font "SimSun/ICU" at 7.6pt
 -> D:/CTEX/CTeX/fonts/truetype/chinese/simsun.ttf
.................................................
. fontspec info: "defining-font"
. 
. Font family 'SimSun(0)' created for font 'SimSun' with options
. [Ligatures=TeX,BoldFont={SimHei},ItalicFont={[SIMKAI.TTF]}].
. 
. This font family consists of the following shapes:
.................................................
Requested font "SimSun/ICU:script=latn;language=DFLT;mapping=tex-text;" at 7.6p
t
 -> D:/CTEX/CTeX/fonts/truetype/chinese/simsun.ttf
Requested font "[lmroman6-regular]:mapping=tex-text" at 6.0pt
 -> D:/CTEX/MiKTeX/fonts/opentype/public/lm/lmroman6-regular.otf
Requested font "SimSun" at 6.0pt
 -> D:/CTEX/CTeX/fonts/truetype/chinese/simsun.ttf
Requested font "SimSun/ICU" at 6.0pt
 -> D:/CTEX/CTeX/fonts/truetype/chinese/simsun.ttf
.................................................
. fontspec info: "defining-font"
. 
. Font family 'SimSun(0)' created for font 'SimSun' with options
. [Ligatures=TeX,BoldFont={SimHei},ItalicFont={[SIMKAI.TTF]}].
. 
. This font family consists of the following shapes:
.................................................
Requested font "SimSun/ICU:script=latn;language=DFLT;mapping=tex-text;" at 6.0p
t
 -> D:/CTEX/CTeX/fonts/truetype/chinese/simsun.ttf
Missing character: There is no ① in font [lmroman10-regular]:mapping=tex-text
!
Missing character: There is no ② in font [lmroman10-regular]:mapping=tex-text
!
Missing character: There is no ③ in font [lmroman10-regular]:mapping=tex-text
!
 [3]
Missing character: There is no ① in font [lmroman10-regular]:mapping=tex-text
!
Missing character: There is no ② in font [lmroman10-regular]:mapping=tex-text
!
Missing character: There is no ③ in font [lmroman10-regular]:mapping=tex-text
!
Missing character: There is no ④ in font [lmroman10-regular]:mapping=tex-text
!
Missing character: There is no ① in font [lmroman10-regular]:mapping=tex-text
!
Missing character: There is no ③ in font [lmroman10-regular]:mapping=tex-text
!
Missing character: There is no ② in font [lmroman10-regular]:mapping=tex-text
!
Missing character: There is no ④ in font [lmroman10-regular]:mapping=tex-text
!
Missing character: There is no ＋ in font jkpmn7t!
 [4] [5]
File: image1.eps Graphic file (type eps)
 <image1.eps> [6] [7] [8] [9]
Missing character: There is no ① in font [lmroman10-regular]:mapping=tex-text
!
Missing character: There is no ② in font [lmroman10-regular]:mapping=tex-text
!
Missing character: There is no ③ in font [lmroman10-regular]:mapping=tex-text
!
Missing character: There is no ① in font [lmroman10-regular]:mapping=tex-text
!
Missing character: There is no ② in font [lmroman10-regular]:mapping=tex-text
!
Missing character: There is no ③ in font [lmroman10-regular]:mapping=tex-text
!
Missing character: There is no ① in font [lmroman10-regular]:mapping=tex-text
!
Missing character: There is no ② in font [lmroman10-regular]:mapping=tex-text
!
Missing character: There is no ③ in font [lmroman10-regular]:mapping=tex-text
!
Missing character: There is no ① in font [lmroman10-regular]:mapping=tex-text
!
Missing character: There is no ② in font [lmroman10-regular]:mapping=tex-text
!
Missing character: There is no ③ in font [lmroman10-regular]:mapping=tex-text
!
 [10] [11]
Missing character: There is no ① in font [lmroman10-regular]:mapping=tex-text
!
Missing character: There is no ② in font [lmroman10-regular]:mapping=tex-text
!
Missing character: There is no ③ in font [lmroman10-regular]:mapping=tex-text
!
Missing character: There is no ④ in font [lmroman10-regular]:mapping=tex-text
!
Missing character: There is no ① in font [lmroman10-regular]:mapping=tex-text
!
Missing character: There is no ② in font [lmroman10-regular]:mapping=tex-text
!
Missing character: There is no ③ in font [lmroman10-regular]:mapping=tex-text
!
Missing character: There is no ④ in font [lmroman10-regular]:mapping=tex-text
!
Missing character: There is no ① in font [lmroman10-regular]:mapping=tex-text
!
Missing character: There is no ③ in font [lmroman10-regular]:mapping=tex-text
!
Missing character: There is no ④ in font [lmroman10-regular]:mapping=tex-text
!
Missing character: There is no ① in font [lmroman10-regular]:mapping=tex-text
!
Missing character: There is no ③ in font [lmroman10-regular]:mapping=tex-text
!
Missing character: There is no ④ in font [lmroman10-regular]:mapping=tex-text
!
Missing character: There is no 分 in font jkpmn7t!
Missing character: There is no 母 in font jkpmn7t!
 [12] [13]
Overfull \hbox (9.03421pt too wide) in paragraph at lines 964--968
[]\xeCJK@rm/m/n/10 解 析：| 原 不 等 式 等 价 于 \EU1/lmr/m/n/10 |2x-
1|$[]$x \xeCJK@rm/m/n/10 ＋ \EU1/lmr/m/n/10 1$[]$-x-1$[]$2x-1$[]$x \xeCJK@rm/m
/n/10 ＋ \EU1/lmr/m/n/10 1$[]$$[]$$[]$0$[]$x$[]$2. 
 []

[14] [15]
File: image2.eps Graphic file (type eps)
 <image2.eps>
Missing character: There is no ① in font [lmroman10-regular]:mapping=tex-text
!
Missing character: There is no ② in font [lmroman10-regular]:mapping=tex-text
!
Missing character: There is no ③ in font [lmroman10-regular]:mapping=tex-text
!
Missing character: There is no ④ in font [lmroman10-regular]:mapping=tex-text
!
Missing character: There is no ① in font [lmroman10-regular]:mapping=tex-text
!
Missing character: There is no ② in font [lmroman10-regular]:mapping=tex-text
!
Missing character: There is no ③ in font [lmroman10-regular]:mapping=tex-text
!
Missing character: There is no ① in font [lmroman10-regular]:mapping=tex-text
!
Missing character: There is no ② in font [lmroman10-regular]:mapping=tex-text
!
Missing character: There is no ④ in font [lmroman10-regular]:mapping=tex-text
!
Missing character: There is no ④ in font [lmroman10-regular]:mapping=tex-text
!
Missing character: There is no ① in font [lmroman10-regular]:mapping=tex-text
!
Missing character: There is no ② in font [lmroman10-regular]:mapping=tex-text
!
Missing character: There is no ③ in font [lmroman10-regular]:mapping=tex-text
!
Missing character: There is no ④ in font [lmroman10-regular]:mapping=tex-text
!
Missing character: There is no ④ in font [lmroman10-regular]:mapping=tex-text
!
 [16] [17] [18] [19]
Missing character: There is no ① in font [lmroman10-regular]:mapping=tex-text
!
Missing character: There is no ② in font [lmroman10-regular]:mapping=tex-text
!
Missing character: There is no ③ in font [lmroman10-regular]:mapping=tex-text
!
Missing character: There is no ④ in font [lmroman10-regular]:mapping=tex-text
!
Missing character: There is no ① in font [lmroman10-regular]:mapping=tex-text
!
Missing character: There is no ② in font [lmroman10-regular]:mapping=tex-text
!
Missing character: There is no ③ in font [lmroman10-regular]:mapping=tex-text
!
Missing character: There is no ④ in font [lmroman10-regular]:mapping=tex-text
!
Missing character: There is no ① in font [lmroman10-regular]:mapping=tex-text
!
Missing character: There is no ④ in font [lmroman10-regular]:mapping=tex-text
!

Overfull \hbox (19.2841pt too wide) in paragraph at lines 1385--1386
[]\xeCJK@rm/m/n/10 题 目：| 设 \EU1/lmr/m/n/10 a$[]$b$[]$c\xeCJK@rm/m/n/10 
，| 且 $[]$ ＋ $[]$$[]$$[]$ 恒 成 立，| 则 \EU1/lmr/m/n/10 m \xeCJK@rm/
m/n/10 的 取 值 范 围 是 \EU1/lmr/m/n/10 ________\xeCJK@rm/m/n/10 ．| 
 []

[20] [21]
Missing character: There is no ① in font [lmroman10-regular]:mapping=tex-text
!
Missing character: There is no ② in font [lmroman10-regular]:mapping=tex-text
!
Missing character: There is no ③ in font [lmroman10-regular]:mapping=tex-text
!
Missing character: There is no ① in font [lmroman10-regular]:mapping=tex-text
!
Missing character: There is no ② in font [lmroman10-regular]:mapping=tex-text
!
Missing character: There is no ③ in font [lmroman10-regular]:mapping=tex-text
!
 [22] [23]
Missing character: There is no ① in font [lmroman10-regular]:mapping=tex-text
!
Missing character: There is no ② in font [lmroman10-regular]:mapping=tex-text
!
Missing character: There is no ① in font [lmroman10-regular]:mapping=tex-text
!
Missing character: There is no ② in font [lmroman10-regular]:mapping=tex-text
!
 [24] [25] [26] [27] [28]
Overfull \hbox (0.57678pt too wide) in paragraph at lines 1998--1999
[]\xeCJK@rm/m/n/10 解 析：| 由 柯 西 不 等 式，| 得 $\OT1/jkp/m/n/10
 ([] + [] + [])[] =$\EU1/lmr/m/n/10 (1$[][]$ \xeCJK@rm/m/n/10 ＋ \EU1/lmr/m/n/
10 1$[][]$
 []

[29] [30] [31]
Missing character: There is no ① in font [lmroman10-regular]:mapping=tex-text
!
Missing character: There is no ② in font [lmroman10-regular]:mapping=tex-text
!
Missing character: There is no ① in font [lmroman10-regular]:mapping=tex-text
!
Missing character: There is no ② in font [lmroman10-regular]:mapping=tex-text
!
 [32] [33] [34]
Missing character: There is no ① in font [lmroman10-regular]:mapping=tex-text
!
Missing character: There is no ② in font [lmroman10-regular]:mapping=tex-text
!
Missing character: There is no ① in font [lmroman10-regular]:mapping=tex-text
!
Missing character: There is no ② in font [lmroman10-regular]:mapping=tex-text
!
Missing character: There is no ① in font [lmroman10-regular]:mapping=tex-text
!
Missing character: There is no ② in font [lmroman10-regular]:mapping=tex-text
!
 [35]
Missing character: There is no ① in font [lmroman10-regular]:mapping=tex-text
!
Missing character: There is no ② in font [lmroman10-regular]:mapping=tex-text
!
Missing character: There is no ① in font [lmroman10-regular]:mapping=tex-text
!
Missing character: There is no ② in font [lmroman10-regular]:mapping=tex-text
!
Missing character: There is no ① in font [lmroman10-regular]:mapping=tex-text
!
Missing character: There is no ② in font [lmroman10-regular]:mapping=tex-text
!
 [36]

LaTeX Warning: Reference `GrindEQ__10_' on page 37 undefined on input line 2515
.

[37]
Missing character: There is no ① in font [lmroman10-regular]:mapping=tex-text
!
Missing character: There is no ② in font [lmroman10-regular]:mapping=tex-text
!
Missing character: There is no ① in font [lmroman10-regular]:mapping=tex-text
!
Missing character: There is no ② in font [lmroman10-regular]:mapping=tex-text
!
Missing character: There is no ① in font [lmroman10-regular]:mapping=tex-text
!
Missing character: There is no ② in font [lmroman10-regular]:mapping=tex-text
!
 [38]
Missing character: There is no ① in font [lmroman10-regular]:mapping=tex-text
!
Missing character: There is no ② in font [lmroman10-regular]:mapping=tex-text
!
Missing character: There is no ① in font [lmroman10-regular]:mapping=tex-text
!
Missing character: There is no ② in font [lmroman10-regular]:mapping=tex-text
!
Missing character: There is no ① in font [lmroman10-regular]:mapping=tex-text
!
Missing character: There is no ② in font [lmroman10-regular]:mapping=tex-text
!
 [39]
Missing character: There is no ① in font [lmroman10-regular]:mapping=tex-text
!
Missing character: There is no ② in font [lmroman10-regular]:mapping=tex-text
!
Missing character: There is no ③ in font [lmroman10-regular]:mapping=tex-text
!
Missing character: There is no ④ in font [lmroman10-regular]:mapping=tex-text
!
Missing character: There is no ① in font [lmroman10-regular]:mapping=tex-text
!
Missing character: There is no ② in font [lmroman10-regular]:mapping=tex-text
!
Missing character: There is no ③ in font [lmroman10-regular]:mapping=tex-text
!
Missing character: There is no ④ in font [lmroman10-regular]:mapping=tex-text
!
 [40] [41] [42]
Missing character: There is no ① in font [lmroman10-regular]:mapping=tex-text
!
Missing character: There is no ② in font [lmroman10-regular]:mapping=tex-text
!
Missing character: There is no ③ in font [lmroman10-regular]:mapping=tex-text
!
Missing character: There is no ④ in font [lmroman10-regular]:mapping=tex-text
!
Missing character: There is no ③ in font [lmroman10-regular]:mapping=tex-text
!
 [43] [44] [45]
File: image7.eps Graphic file (type eps)
 <image7.eps>
File: image8.eps Graphic file (type eps)
 <image8.eps> [46]
File: image10.eps Graphic file (type eps)

<image10.eps>
File: image12.eps Graphic file (type eps)
 <image12.eps> [47] [48] [49] [50]
File: image.png Graphic file (type QTm)
 <use  "image.png" >

Package xetex.def Warning: No clipping support in XeTeX yet on input line 3383.


Missing character: There is no ① in font [lmroman10-regular]:mapping=tex-text
!
Missing character: There is no ② in font [lmroman10-regular]:mapping=tex-text
!
Missing character: There is no ③ in font [lmroman10-regular]:mapping=tex-text
!
Missing character: There is no ④ in font [lmroman10-regular]:mapping=tex-text
!
Missing character: There is no ① in font [lmroman10-regular]:mapping=tex-text
!
Missing character: There is no ② in font [lmroman10-regular]:mapping=tex-text
!
Missing character: There is no ③ in font [lmroman10-regular]:mapping=tex-text
!
Missing character: There is no ④ in font [lmroman10-regular]:mapping=tex-text
!
[51] [52] [53]
Missing character: There is no ① in font [lmroman10-regular]:mapping=tex-text
!
Missing character: There is no ② in font [lmroman10-regular]:mapping=tex-text
!
Missing character: There is no ③ in font [lmroman10-regular]:mapping=tex-text
!
Missing character: There is no ① in font [lmroman10-regular]:mapping=tex-text
!
Missing character: There is no ② in font [lmroman10-regular]:mapping=tex-text
!
Missing character: There is no ③ in font [lmroman10-regular]:mapping=tex-text
!
File: image33.eps Graphic file (type eps)
 <image33.eps>
File: image34.eps Graphic file (type eps)
 <image34.eps> [54]
File: image35.eps Graphic file (type eps)
 <image35.eps> [55] [56]
File: image37.eps Graphic file (type eps)

<image37.eps> [57]
File: image39.eps Graphic file (type eps)
 <image39.eps>
Overfull \hbox (89.1998pt too wide) in paragraph at lines 3836--3838
\EU1/lmr/m/n/10 0$[]$\EU1/lmr/m/it/10 t$[]$e\xeCJK@rm/m/n/10 时 间 段 内 
 动 的 路 程 为 \EU1/lmr/m/n/10 (\xeCJK@rm/m/n/10 速 度 单 位：| \EU
1/lmr/m/n/10 m/s\xeCJK@rm/m/n/10 ，| 时 间 单 位：| \EU1/lmr/m/n/10 s)___
___________________\xeCJK@rm/m/n/10 ．| 
 []

[58]
File: image40.eps Graphic file (type eps)
 <image40.eps> [59]
File: image41.eps Graphic file (type eps)
 <image41.eps> [60] [61]
("C:\Users\qingguo\Desktop\必修二 选修四\4\4.aux")

LaTeX Warning: There were undefined references.

 ) 
Here is how much of TeX's memory you used:
 16888 strings out of 430478
 334813 string characters out of 3191502
 334696 words of memory out of 3000000
 19778 multiletter control sequences out of 15000+200000
 16405 words of font info for 62 fonts, out of 3000000 for 9000
 14 hyphenation exceptions out of 8191
 54i,10n,36p,833b,198s stack positions out of 5000i,500n,10000p,200000b,50000s

Output written on 4.pdf (61 pages).
